<?xml version="1.0" encoding="UTF-8"?>
<!-- Generated by org.testng.reporters.JUnitReportReporter -->
<testsuite hostname="AIPL6374LT06477" failures="0" tests="4" name="assessment.bookLog" time="143.777" errors="0" timestamp="2024-10-01T02:22:54 IST" skipped="0">
  <testcase classname="assessment.bookLog" name="bookSearch" time="32.330"/>
  <testcase classname="assessment.bookLog" name="studentForm" time="35.248"/>
  <testcase classname="assessment.bookLog" name="WebTableToExcel" time="37.430"/>
  <testcase classname="assessment.bookLog" name="DragAndDropExample" time="38.769"/>
</testsuite> <!-- assessment.bookLog -->
